#
# There is insufficient memory for the Java Runtime Environment to continue.
# Native memory allocation (malloc) failed to allocate 1844496 bytes for Chunk::new
# Possible reasons:
#   The system is out of physical RAM or swap space
#   The process is running with CompressedOops enabled, and the Java Heap may be blocking the growth of the native heap
# Possible solutions:
#   Reduce memory load on the system
#   Increase physical memory or swap space
#   Check if swap backing store is full
#   Decrease Java heap size (-Xmx/-Xms)
#   Decrease number of Java threads
#   Decrease Java thread stack sizes (-Xss)
#   Set larger code cache with -XX:ReservedCodeCacheSize=
#   JVM is running with Unscaled Compressed Oops mode in which the Java heap is
#     placed in the first 4GB address space. The Java Heap base address is the
#     maximum limit for the native heap growth. Please use -XX:HeapBaseMinAddress
#     to set the Java Heap base and to place the Java Heap above 4GB virtual address.
# This output file may be truncated or incomplete.
#
#  Out of Memory Error (./open/src/hotspot/share/memory/arena.cpp:197), pid=21512, tid=7368
#
# JRE version: Java(TM) SE Runtime Environment 18.9 (11.0.21+9) (build 11.0.21+9-LTS-193)
# Java VM: Java HotSpot(TM) 64-Bit Server VM 18.9 (11.0.21+9-LTS-193, mixed mode, tiered, compressed oops, g1 gc, windows-amd64)
# No core dump will be written. Minidumps are not enabled by default on client versions of Windows
#

---------------  S U M M A R Y ------------

Command Line: -ea -Dfile.encoding=UTF-8 -Dstdout.encoding=UTF-8 -Dstderr.encoding=UTF-8 org.eclipse.jdt.internal.junit.runner.RemoteTestRunner -version 3 -port 49791 -testLoaderClass org.eclipse.jdt.internal.junit5.runner.JUnit5TestLoader -loaderpluginname org.eclipse.jdt.junit5.runtime -classNames com.adactin.runner.Runner

Host: Intel(R) Core(TM) i5-8265U CPU @ 1.60GHz, 8 cores, 7G,  Windows 11 , 64 bit Build 22621 (10.0.22621.3527)
Time: Mon Jun  3 15:56:13 2024 India Standard Time elapsed time: 13.746715 seconds (0d 0h 0m 13s)

---------------  T H R E A D  ---------------

Current thread (0x0000023531923800):  JavaThread "C2 CompilerThread0" daemon [_thread_in_native, id=7368, stack(0x000000b998d00000,0x000000b998e00000)]


Current CompileTask:
C2:  13746 3315   !   4       jdk.internal.loader.BuiltinClassLoader::loadClassOrNull (143 bytes)

Stack: [0x000000b998d00000,0x000000b998e00000]
Native frames: (J=compiled Java code, j=interpreted, Vv=VM code, C=native code)
V  [jvm.dll+0x66058a]
V  [jvm.dll+0x7a362f]
V  [jvm.dll+0x7a4cf9]
V  [jvm.dll+0x7a5393]
V  [jvm.dll+0x258f55]
V  [jvm.dll+0xb2a0c]
V  [jvm.dll+0xb2fcc]
V  [jvm.dll+0x367771]
V  [jvm.dll+0x1a2b74]
V  [jvm.dll+0x211d8d]
V  [jvm.dll+0x210c08]
V  [jvm.dll+0x18cdb1]
V  [jvm.dll+0x220e99]
V  [jvm.dll+0x21f1bc]
V  [jvm.dll+0x7673c1]
V  [jvm.dll+0x75fc44]
V  [jvm.dll+0x65f435]
C  [ucrtbase.dll+0x29333]
C  [KERNEL32.DLL+0x1257d]
C  [ntdll.dll+0x5aa48]


---------------  P R O C E S S  ---------------

Threads class SMR info:
_java_thread_list=0x0000023531ca36c0, length=20, elements={
0x00000235110b1000, 0x0000023530fac000, 0x0000023530fad000, 0x0000023531916800,
0x0000023531917800, 0x0000023531918800, 0x0000023531923800, 0x0000023531929000,
0x000002353192a000, 0x0000023531ac6800, 0x0000023531cc7000, 0x0000023532c1b800,
0x000002353323b800, 0x0000023531edf000, 0x0000023533328000, 0x00000235323a2800,
0x0000023534818000, 0x000002353319b800, 0x00000235332d1000, 0x0000023532aaa800
}

Java Threads: ( => current thread )
  0x00000235110b1000 JavaThread "Forwarding get on session dddc83fe561e8ca0cdd30305ad87d27c to remote" [_thread_in_native, id=8032, stack(0x000000b998100000,0x000000b998200000)]
  0x0000023530fac000 JavaThread "Reference Handler" daemon [_thread_blocked, id=15172, stack(0x000000b998800000,0x000000b998900000)]
  0x0000023530fad000 JavaThread "Finalizer" daemon [_thread_blocked, id=16436, stack(0x000000b998900000,0x000000b998a00000)]
  0x0000023531916800 JavaThread "Signal Dispatcher" daemon [_thread_blocked, id=22568, stack(0x000000b998a00000,0x000000b998b00000)]
  0x0000023531917800 JavaThread "Attach Listener" daemon [_thread_blocked, id=4480, stack(0x000000b998b00000,0x000000b998c00000)]
  0x0000023531918800 JavaThread "Service Thread" daemon [_thread_blocked, id=8544, stack(0x000000b998c00000,0x000000b998d00000)]
=>0x0000023531923800 JavaThread "C2 CompilerThread0" daemon [_thread_in_native, id=7368, stack(0x000000b998d00000,0x000000b998e00000)]
  0x0000023531929000 JavaThread "C1 CompilerThread0" daemon [_thread_blocked, id=12800, stack(0x000000b998e00000,0x000000b998f00000)]
  0x000002353192a000 JavaThread "Sweeper thread" daemon [_thread_blocked, id=11356, stack(0x000000b998f00000,0x000000b999000000)]
  0x0000023531ac6800 JavaThread "Common-Cleaner" daemon [_thread_blocked, id=12344, stack(0x000000b999100000,0x000000b999200000)]
  0x0000023531cc7000 JavaThread "ReaderThread" [_thread_in_native, id=17812, stack(0x000000b999200000,0x000000b999300000)]
  0x0000023532c1b800 JavaThread "Exec Default Executor" daemon [_thread_in_native, id=16220, stack(0x000000b999300000,0x000000b999400000)]
  0x000002353323b800 JavaThread "UrlChecker-2" daemon [_thread_blocked, id=15388, stack(0x000000b999700000,0x000000b999800000)]
  0x0000023531edf000 JavaThread "Exec Stream Pumper" daemon [_thread_in_native, id=16028, stack(0x000000b999a00000,0x000000b999b00000)]
  0x0000023533328000 JavaThread "Exec Stream Pumper" daemon [_thread_in_native, id=22868, stack(0x000000b999b00000,0x000000b999c00000)]
  0x00000235323a2800 JavaThread "Keep-Alive-Timer" daemon [_thread_blocked, id=23284, stack(0x000000b999c00000,0x000000b999d00000)]
  0x0000023534818000 JavaThread "OkHttp ConnectionPool" daemon [_thread_blocked, id=22312, stack(0x000000b999e00000,0x000000b999f00000)]
  0x000002353319b800 JavaThread "Okio Watchdog" daemon [_thread_blocked, id=12432, stack(0x000000b999f00000,0x000000b99a000000)]
  0x00000235332d1000 JavaThread "C2 CompilerThread1" daemon [_thread_blocked, id=5144, stack(0x000000b999d00000,0x000000b999e00000)]
  0x0000023532aaa800 JavaThread "C2 CompilerThread2" daemon [_thread_blocked, id=5584, stack(0x000000b99a000000,0x000000b99a100000)]

Other Threads:
  0x0000023530f98800 VMThread "VM Thread" [stack: 0x000000b998700000,0x000000b998800000] [id=19288]
  0x0000023531ab8800 WatcherThread [stack: 0x000000b999000000,0x000000b999100000] [id=12368]
  0x00000235110c7000 GCTaskThread "GC Thread#0" [stack: 0x000000b998200000,0x000000b998300000] [id=10552]
  0x00000235328f8000 GCTaskThread "GC Thread#1" [stack: 0x000000b999400000,0x000000b999500000] [id=17176]
  0x00000235328c8800 GCTaskThread "GC Thread#2" [stack: 0x000000b999500000,0x000000b999600000] [id=3644]
  0x00000235328c9800 GCTaskThread "GC Thread#3" [stack: 0x000000b999600000,0x000000b999700000] [id=14300]
  0x00000235110f8000 ConcurrentGCThread "G1 Main Marker" [stack: 0x000000b998300000,0x000000b998400000] [id=20572]
  0x00000235110f9800 ConcurrentGCThread "G1 Conc#0" [stack: 0x000000b998400000,0x000000b998500000] [id=10588]
  0x0000023532aad000 ConcurrentGCThread "G1 Conc#1" [stack: 0x000000b999800000,0x000000b999900000] [id=6264]
  0x0000023530de0800 ConcurrentGCThread "G1 Refine#0" [stack: 0x000000b998500000,0x000000b998600000] [id=5704]
  0x0000023530de2800 ConcurrentGCThread "G1 Young RemSet Sampling" [stack: 0x000000b998600000,0x000000b998700000] [id=16932]

Threads with active compile tasks:
C2 CompilerThread0    13801 3315   !   4       jdk.internal.loader.BuiltinClassLoader::loadClassOrNull (143 bytes)

VM state:not at safepoint (normal execution)

VM Mutex/Monitor currently owned by a thread: None

Heap address: 0x0000000082400000, size: 2012 MB, Compressed Oops mode: 32-bit
Narrow klass base: 0x0000000000000000, Narrow klass shift: 3
Compressed class space size: 1073741824 Address: 0x0000000100000000

Heap:
 garbage-first heap   total 129024K, used 42195K [0x0000000082400000, 0x0000000100000000)
  region size 1024K, 26 young (26624K), 2 survivors (2048K)
 Metaspace       used 38143K, capacity 39227K, committed 39472K, reserved 1083392K
  class space    used 4425K, capacity 4891K, committed 4992K, reserved 1048576K
Heap Regions: E=young(eden), S=young(survivor), O=old, HS=humongous(starts), HC=humongous(continues), CS=collection set, F=free, A=archive, TAMS=top-at-mark-start (previous, next)
|   0|0x0000000082400000, 0x0000000082500000, 0x0000000082500000|100%|HS|  |TAMS 0x0000000082500000, 0x0000000082400000| Complete 
|   1|0x0000000082500000, 0x0000000082600000, 0x0000000082600000|100%| O|  |TAMS 0x0000000082600000, 0x0000000082500000| Untracked 
|   2|0x0000000082600000, 0x0000000082700000, 0x0000000082700000|100%| O|  |TAMS 0x0000000082700000, 0x0000000082600000| Untracked 
|   3|0x0000000082700000, 0x0000000082800000, 0x0000000082800000|100%| O|  |TAMS 0x0000000082800000, 0x0000000082700000| Untracked 
|   4|0x0000000082800000, 0x0000000082900000, 0x0000000082900000|100%| O|  |TAMS 0x0000000082900000, 0x0000000082800000| Untracked 
|   5|0x0000000082900000, 0x0000000082a00000, 0x0000000082a00000|100%| O|  |TAMS 0x0000000082a00000, 0x0000000082900000| Untracked 
|   6|0x0000000082a00000, 0x0000000082b00000, 0x0000000082b00000|100%| O|  |TAMS 0x0000000082b00000, 0x0000000082a00000| Untracked 
|   7|0x0000000082b00000, 0x0000000082c00000, 0x0000000082c00000|100%| O|  |TAMS 0x0000000082c00000, 0x0000000082b00000| Untracked 
|   8|0x0000000082c00000, 0x0000000082d00000, 0x0000000082d00000|100%| O|  |TAMS 0x0000000082d00000, 0x0000000082c00000| Untracked 
|   9|0x0000000082d00000, 0x0000000082e00000, 0x0000000082e00000|100%| O|  |TAMS 0x0000000082e00000, 0x0000000082d00000| Untracked 
|  10|0x0000000082e00000, 0x0000000082e00000, 0x0000000082f00000|  0%| F|  |TAMS 0x0000000082e00000, 0x0000000082e00000| Untracked 
|  11|0x0000000082f00000, 0x0000000082f00000, 0x0000000083000000|  0%| F|  |TAMS 0x0000000082f00000, 0x0000000082f00000| Untracked 
|  12|0x0000000083000000, 0x0000000083000000, 0x0000000083100000|  0%| F|  |TAMS 0x0000000083000000, 0x0000000083000000| Untracked 
|  13|0x0000000083100000, 0x0000000083100000, 0x0000000083200000|  0%| F|  |TAMS 0x0000000083100000, 0x0000000083100000| Untracked 
|  14|0x0000000083200000, 0x0000000083200000, 0x0000000083300000|  0%| F|  |TAMS 0x0000000083200000, 0x0000000083200000| Untracked 
|  15|0x0000000083300000, 0x0000000083300000, 0x0000000083400000|  0%| F|  |TAMS 0x0000000083300000, 0x0000000083300000| Untracked 
|  16|0x0000000083400000, 0x0000000083400000, 0x0000000083500000|  0%| F|  |TAMS 0x0000000083400000, 0x0000000083400000| Untracked 
|  17|0x0000000083500000, 0x0000000083500000, 0x0000000083600000|  0%| F|  |TAMS 0x0000000083500000, 0x0000000083500000| Untracked 
|  18|0x0000000083600000, 0x0000000083600000, 0x0000000083700000|  0%| F|  |TAMS 0x0000000083600000, 0x0000000083600000| Untracked 
|  19|0x0000000083700000, 0x0000000083700000, 0x0000000083800000|  0%| F|  |TAMS 0x0000000083700000, 0x0000000083700000| Untracked 
|  20|0x0000000083800000, 0x0000000083800000, 0x0000000083900000|  0%| F|  |TAMS 0x0000000083800000, 0x0000000083800000| Untracked 
|  21|0x0000000083900000, 0x0000000083900000, 0x0000000083a00000|  0%| F|  |TAMS 0x0000000083900000, 0x0000000083900000| Untracked 
|  22|0x0000000083a00000, 0x0000000083b00000, 0x0000000083b00000|100%| O|  |TAMS 0x0000000083b00000, 0x0000000083a00000| Untracked 
|  23|0x0000000083b00000, 0x0000000083c00000, 0x0000000083c00000|100%| O|  |TAMS 0x0000000083c00000, 0x0000000083b00000| Untracked 
|  24|0x0000000083c00000, 0x0000000083d00000, 0x0000000083d00000|100%| O|  |TAMS 0x0000000083d00000, 0x0000000083c00000| Untracked 
|  25|0x0000000083d00000, 0x0000000083e00000, 0x0000000083e00000|100%| O|  |TAMS 0x0000000083e00000, 0x0000000083d00000| Untracked 
|  26|0x0000000083e00000, 0x0000000083f00000, 0x0000000083f00000|100%| O|  |TAMS 0x0000000083f00000, 0x0000000083e00000| Untracked 
|  27|0x0000000083f00000, 0x0000000084000000, 0x0000000084000000|100%| O|  |TAMS 0x0000000084000000, 0x0000000083f00000| Untracked 
|  28|0x0000000084000000, 0x000000008405f400, 0x0000000084100000| 37%| O|  |TAMS 0x000000008405f400, 0x0000000084000000| Untracked 
|  29|0x0000000084100000, 0x0000000084100000, 0x0000000084200000|  0%| F|  |TAMS 0x0000000084100000, 0x0000000084100000| Untracked 
|  30|0x0000000084200000, 0x0000000084200000, 0x0000000084300000|  0%| F|  |TAMS 0x0000000084200000, 0x0000000084200000| Untracked 
|  31|0x0000000084300000, 0x0000000084300000, 0x0000000084400000|  0%| F|  |TAMS 0x0000000084300000, 0x0000000084300000| Untracked 
|  32|0x0000000084400000, 0x0000000084400000, 0x0000000084500000|  0%| F|  |TAMS 0x0000000084400000, 0x0000000084400000| Untracked 
|  33|0x0000000084500000, 0x0000000084500000, 0x0000000084600000|  0%| F|  |TAMS 0x0000000084500000, 0x0000000084500000| Untracked 
|  34|0x0000000084600000, 0x0000000084600000, 0x0000000084700000|  0%| F|  |TAMS 0x0000000084600000, 0x0000000084600000| Untracked 
|  35|0x0000000084700000, 0x0000000084700000, 0x0000000084800000|  0%| F|  |TAMS 0x0000000084700000, 0x0000000084700000| Untracked 
|  36|0x0000000084800000, 0x0000000084800000, 0x0000000084900000|  0%| F|  |TAMS 0x0000000084800000, 0x0000000084800000| Untracked 
|  37|0x0000000084900000, 0x0000000084900000, 0x0000000084a00000|  0%| F|  |TAMS 0x0000000084900000, 0x0000000084900000| Untracked 
|  38|0x0000000084a00000, 0x0000000084a00000, 0x0000000084b00000|  0%| F|  |TAMS 0x0000000084a00000, 0x0000000084a00000| Untracked 
|  39|0x0000000084b00000, 0x0000000084b00000, 0x0000000084c00000|  0%| F|  |TAMS 0x0000000084b00000, 0x0000000084b00000| Untracked 
|  40|0x0000000084c00000, 0x0000000084c00000, 0x0000000084d00000|  0%| F|  |TAMS 0x0000000084c00000, 0x0000000084c00000| Untracked 
|  41|0x0000000084d00000, 0x0000000084d00000, 0x0000000084e00000|  0%| F|  |TAMS 0x0000000084d00000, 0x0000000084d00000| Untracked 
|  42|0x0000000084e00000, 0x0000000084e00000, 0x0000000084f00000|  0%| F|  |TAMS 0x0000000084e00000, 0x0000000084e00000| Untracked 
|  43|0x0000000084f00000, 0x0000000084f00000, 0x0000000085000000|  0%| F|  |TAMS 0x0000000084f00000, 0x0000000084f00000| Untracked 
|  44|0x0000000085000000, 0x0000000085000000, 0x0000000085100000|  0%| F|  |TAMS 0x0000000085000000, 0x0000000085000000| Untracked 
|  45|0x0000000085100000, 0x0000000085100000, 0x0000000085200000|  0%| F|  |TAMS 0x0000000085100000, 0x0000000085100000| Untracked 
|  46|0x0000000085200000, 0x0000000085200000, 0x0000000085300000|  0%| F|  |TAMS 0x0000000085200000, 0x0000000085200000| Untracked 
|  47|0x0000000085300000, 0x0000000085300000, 0x0000000085400000|  0%| F|  |TAMS 0x0000000085300000, 0x0000000085300000| Untracked 
|  48|0x0000000085400000, 0x0000000085400000, 0x0000000085500000|  0%| F|  |TAMS 0x0000000085400000, 0x0000000085400000| Untracked 
|  49|0x0000000085500000, 0x0000000085500000, 0x0000000085600000|  0%| F|  |TAMS 0x0000000085500000, 0x0000000085500000| Untracked 
|  50|0x0000000085600000, 0x0000000085600000, 0x0000000085700000|  0%| F|  |TAMS 0x0000000085600000, 0x0000000085600000| Untracked 
|  51|0x0000000085700000, 0x0000000085700000, 0x0000000085800000|  0%| F|  |TAMS 0x0000000085700000, 0x0000000085700000| Untracked 
|  52|0x0000000085800000, 0x0000000085800000, 0x0000000085900000|  0%| F|  |TAMS 0x0000000085800000, 0x0000000085800000| Untracked 
|  53|0x0000000085900000, 0x0000000085900000, 0x0000000085a00000|  0%| F|  |TAMS 0x0000000085900000, 0x0000000085900000| Untracked 
|  54|0x0000000085a00000, 0x0000000085a00000, 0x0000000085b00000|  0%| F|  |TAMS 0x0000000085a00000, 0x0000000085a00000| Untracked 
|  55|0x0000000085b00000, 0x0000000085b00000, 0x0000000085c00000|  0%| F|  |TAMS 0x0000000085b00000, 0x0000000085b00000| Untracked 
|  56|0x0000000085c00000, 0x0000000085c00000, 0x0000000085d00000|  0%| F|  |TAMS 0x0000000085c00000, 0x0000000085c00000| Untracked 
|  57|0x0000000085d00000, 0x0000000085d00000, 0x0000000085e00000|  0%| F|  |TAMS 0x0000000085d00000, 0x0000000085d00000| Untracked 
|  58|0x0000000085e00000, 0x0000000085e00000, 0x0000000085f00000|  0%| F|  |TAMS 0x0000000085e00000, 0x0000000085e00000| Untracked 
|  59|0x0000000085f00000, 0x0000000085f00000, 0x0000000086000000|  0%| F|  |TAMS 0x0000000085f00000, 0x0000000085f00000| Untracked 
|  60|0x0000000086000000, 0x0000000086000000, 0x0000000086100000|  0%| F|  |TAMS 0x0000000086000000, 0x0000000086000000| Untracked 
|  61|0x0000000086100000, 0x0000000086100000, 0x0000000086200000|  0%| F|  |TAMS 0x0000000086100000, 0x0000000086100000| Untracked 
|  62|0x0000000086200000, 0x0000000086200000, 0x0000000086300000|  0%| F|  |TAMS 0x0000000086200000, 0x0000000086200000| Untracked 
|  63|0x0000000086300000, 0x0000000086300000, 0x0000000086400000|  0%| F|  |TAMS 0x0000000086300000, 0x0000000086300000| Untracked 
|  64|0x0000000086400000, 0x0000000086400000, 0x0000000086500000|  0%| F|  |TAMS 0x0000000086400000, 0x0000000086400000| Untracked 
|  65|0x0000000086500000, 0x0000000086500000, 0x0000000086600000|  0%| F|  |TAMS 0x0000000086500000, 0x0000000086500000| Untracked 
|  66|0x0000000086600000, 0x0000000086600000, 0x0000000086700000|  0%| F|  |TAMS 0x0000000086600000, 0x0000000086600000| Untracked 
|  67|0x0000000086700000, 0x0000000086700000, 0x0000000086800000|  0%| F|  |TAMS 0x0000000086700000, 0x0000000086700000| Untracked 
|  68|0x0000000086800000, 0x0000000086800000, 0x0000000086900000|  0%| F|  |TAMS 0x0000000086800000, 0x0000000086800000| Untracked 
|  69|0x0000000086900000, 0x0000000086900000, 0x0000000086a00000|  0%| F|  |TAMS 0x0000000086900000, 0x0000000086900000| Untracked 
|  70|0x0000000086a00000, 0x0000000086a00000, 0x0000000086b00000|  0%| F|  |TAMS 0x0000000086a00000, 0x0000000086a00000| Untracked 
|  71|0x0000000086b00000, 0x0000000086b00000, 0x0000000086c00000|  0%| F|  |TAMS 0x0000000086b00000, 0x0000000086b00000| Untracked 
|  72|0x0000000086c00000, 0x0000000086c00000, 0x0000000086d00000|  0%| F|  |TAMS 0x0000000086c00000, 0x0000000086c00000| Untracked 
|  73|0x0000000086d00000, 0x0000000086dd5a80, 0x0000000086e00000| 83%| S|CS|TAMS 0x0000000086d00000, 0x0000000086d00000| Complete 
|  74|0x0000000086e00000, 0x0000000086f00000, 0x0000000086f00000|100%| S|CS|TAMS 0x0000000086e00000, 0x0000000086e00000| Complete 
|  75|0x0000000086f00000, 0x0000000086f00000, 0x0000000087000000|  0%| F|  |TAMS 0x0000000086f00000, 0x0000000086f00000| Untracked 
|  76|0x0000000087000000, 0x0000000087000000, 0x0000000087100000|  0%| F|  |TAMS 0x0000000087000000, 0x0000000087000000| Untracked 
|  77|0x0000000087100000, 0x0000000087100000, 0x0000000087200000|  0%| F|  |TAMS 0x0000000087100000, 0x0000000087100000| Untracked 
|  78|0x0000000087200000, 0x0000000087200000, 0x0000000087300000|  0%| F|  |TAMS 0x0000000087200000, 0x0000000087200000| Untracked 
|  79|0x0000000087300000, 0x0000000087300000, 0x0000000087400000|  0%| F|  |TAMS 0x0000000087300000, 0x0000000087300000| Untracked 
|  80|0x0000000087400000, 0x0000000087400000, 0x0000000087500000|  0%| F|  |TAMS 0x0000000087400000, 0x0000000087400000| Untracked 
|  81|0x0000000087500000, 0x0000000087500000, 0x0000000087600000|  0%| F|  |TAMS 0x0000000087500000, 0x0000000087500000| Untracked 
|  82|0x0000000087600000, 0x0000000087600000, 0x0000000087700000|  0%| F|  |TAMS 0x0000000087600000, 0x0000000087600000| Untracked 
|  83|0x0000000087700000, 0x0000000087700000, 0x0000000087800000|  0%| F|  |TAMS 0x0000000087700000, 0x0000000087700000| Untracked 
|  84|0x0000000087800000, 0x0000000087800000, 0x0000000087900000|  0%| F|  |TAMS 0x0000000087800000, 0x0000000087800000| Untracked 
|  85|0x0000000087900000, 0x0000000087900000, 0x0000000087a00000|  0%| F|  |TAMS 0x0000000087900000, 0x0000000087900000| Untracked 
|  86|0x0000000087a00000, 0x0000000087a00000, 0x0000000087b00000|  0%| F|  |TAMS 0x0000000087a00000, 0x0000000087a00000| Untracked 
|  87|0x0000000087b00000, 0x0000000087b00000, 0x0000000087c00000|  0%| F|  |TAMS 0x0000000087b00000, 0x0000000087b00000| Untracked 
|  88|0x0000000087c00000, 0x0000000087c00000, 0x0000000087d00000|  0%| F|  |TAMS 0x0000000087c00000, 0x0000000087c00000| Untracked 
|  89|0x0000000087d00000, 0x0000000087d00000, 0x0000000087e00000|  0%| F|  |TAMS 0x0000000087d00000, 0x0000000087d00000| Untracked 
|  90|0x0000000087e00000, 0x0000000087e00000, 0x0000000087f00000|  0%| F|  |TAMS 0x0000000087e00000, 0x0000000087e00000| Untracked 
|  91|0x0000000087f00000, 0x0000000087f00000, 0x0000000088000000|  0%| F|  |TAMS 0x0000000087f00000, 0x0000000087f00000| Untracked 
|  92|0x0000000088000000, 0x0000000088000000, 0x0000000088100000|  0%| F|  |TAMS 0x0000000088000000, 0x0000000088000000| Untracked 
|  93|0x0000000088100000, 0x0000000088100000, 0x0000000088200000|  0%| F|  |TAMS 0x0000000088100000, 0x0000000088100000| Untracked 
|  94|0x0000000088200000, 0x0000000088200000, 0x0000000088300000|  0%| F|  |TAMS 0x0000000088200000, 0x0000000088200000| Untracked 
|  95|0x0000000088300000, 0x0000000088300000, 0x0000000088400000|  0%| F|  |TAMS 0x0000000088300000, 0x0000000088300000| Untracked 
|  96|0x0000000088400000, 0x0000000088400000, 0x0000000088500000|  0%| F|  |TAMS 0x0000000088400000, 0x0000000088400000| Untracked 
|  97|0x0000000088500000, 0x0000000088500000, 0x0000000088600000|  0%| F|  |TAMS 0x0000000088500000, 0x0000000088500000| Untracked 
|  98|0x0000000088600000, 0x0000000088600000, 0x0000000088700000|  0%| F|  |TAMS 0x0000000088600000, 0x0000000088600000| Untracked 
|  99|0x0000000088700000, 0x0000000088700000, 0x0000000088800000|  0%| F|  |TAMS 0x0000000088700000, 0x0000000088700000| Untracked 
| 100|0x0000000088800000, 0x0000000088800000, 0x0000000088900000|  0%| F|  |TAMS 0x0000000088800000, 0x0000000088800000| Untracked 
| 101|0x0000000088900000, 0x0000000088900000, 0x0000000088a00000|  0%| F|  |TAMS 0x0000000088900000, 0x0000000088900000| Untracked 
| 102|0x0000000088a00000, 0x0000000088a80800, 0x0000000088b00000| 50%| E|  |TAMS 0x0000000088a00000, 0x0000000088a00000| Complete 
| 103|0x0000000088b00000, 0x0000000088c00000, 0x0000000088c00000|100%| E|CS|TAMS 0x0000000088b00000, 0x0000000088b00000| Complete 
| 104|0x0000000088c00000, 0x0000000088d00000, 0x0000000088d00000|100%| E|CS|TAMS 0x0000000088c00000, 0x0000000088c00000| Complete 
| 105|0x0000000088d00000, 0x0000000088e00000, 0x0000000088e00000|100%| E|CS|TAMS 0x0000000088d00000, 0x0000000088d00000| Complete 
| 106|0x0000000088e00000, 0x0000000088f00000, 0x0000000088f00000|100%| E|CS|TAMS 0x0000000088e00000, 0x0000000088e00000| Complete 
| 107|0x0000000088f00000, 0x0000000089000000, 0x0000000089000000|100%| E|CS|TAMS 0x0000000088f00000, 0x0000000088f00000| Complete 
| 108|0x0000000089000000, 0x0000000089100000, 0x0000000089100000|100%| E|CS|TAMS 0x0000000089000000, 0x0000000089000000| Complete 
| 109|0x0000000089100000, 0x0000000089200000, 0x0000000089200000|100%| E|CS|TAMS 0x0000000089100000, 0x0000000089100000| Complete 
| 110|0x0000000089200000, 0x0000000089300000, 0x0000000089300000|100%| E|CS|TAMS 0x0000000089200000, 0x0000000089200000| Complete 
| 111|0x0000000089300000, 0x0000000089400000, 0x0000000089400000|100%| E|CS|TAMS 0x0000000089300000, 0x0000000089300000| Complete 
| 112|0x0000000089400000, 0x0000000089500000, 0x0000000089500000|100%| E|CS|TAMS 0x0000000089400000, 0x0000000089400000| Complete 
| 113|0x0000000089500000, 0x0000000089600000, 0x0000000089600000|100%| E|CS|TAMS 0x0000000089500000, 0x0000000089500000| Complete 
| 114|0x0000000089600000, 0x0000000089700000, 0x0000000089700000|100%| E|CS|TAMS 0x0000000089600000, 0x0000000089600000| Complete 
| 115|0x0000000089700000, 0x0000000089800000, 0x0000000089800000|100%| E|CS|TAMS 0x0000000089700000, 0x0000000089700000| Complete 
| 116|0x0000000089800000, 0x0000000089900000, 0x0000000089900000|100%| E|CS|TAMS 0x0000000089800000, 0x0000000089800000| Complete 
| 117|0x0000000089900000, 0x0000000089a00000, 0x0000000089a00000|100%| E|CS|TAMS 0x0000000089900000, 0x0000000089900000| Complete 
| 118|0x0000000089a00000, 0x0000000089b00000, 0x0000000089b00000|100%| E|CS|TAMS 0x0000000089a00000, 0x0000000089a00000| Complete 
| 119|0x0000000089b00000, 0x0000000089c00000, 0x0000000089c00000|100%| E|CS|TAMS 0x0000000089b00000, 0x0000000089b00000| Complete 
| 120|0x0000000089c00000, 0x0000000089d00000, 0x0000000089d00000|100%| E|CS|TAMS 0x0000000089c00000, 0x0000000089c00000| Complete 
| 121|0x0000000089d00000, 0x0000000089e00000, 0x0000000089e00000|100%| E|CS|TAMS 0x0000000089d00000, 0x0000000089d00000| Complete 
| 122|0x0000000089e00000, 0x0000000089f00000, 0x0000000089f00000|100%| E|CS|TAMS 0x0000000089e00000, 0x0000000089e00000| Complete 
| 123|0x0000000089f00000, 0x000000008a000000, 0x000000008a000000|100%| E|CS|TAMS 0x0000000089f00000, 0x0000000089f00000| Complete 
| 124|0x000000008a000000, 0x000000008a100000, 0x000000008a100000|100%| E|CS|TAMS 0x000000008a000000, 0x000000008a000000| Complete 
| 125|0x000000008a100000, 0x000000008a200000, 0x000000008a200000|100%| E|CS|TAMS 0x000000008a100000, 0x000000008a100000| Complete 

Card table byte_map: [0x0000023529de0000,0x000002352a1d0000] _byte_map_base: 0x00000235299ce000

Marking Bits (Prev, Next): (CMBitMap*) 0x00000235110ef358, (CMBitMap*) 0x00000235110ef390
 Prev Bits: [0x000002352a5c0000, 0x000002352c530000)
 Next Bits: [0x000002352c530000, 0x000002352e4a0000)

Polling page: 0x0000023511170000

Metaspace:

Usage:
  Non-class:     33.53 MB capacity,    32.93 MB ( 98%) used,   489.18 KB (  1%) free+waste,   128.31 KB ( <1%) overhead. 
      Class:      4.78 MB capacity,     4.32 MB ( 90%) used,   399.81 KB (  8%) free+waste,    65.94 KB (  1%) overhead. 
       Both:     38.31 MB capacity,    37.25 MB ( 97%) used,   888.99 KB (  2%) free+waste,   194.25 KB ( <1%) overhead. 

Virtual space:
  Non-class space:       34.00 MB reserved,      33.67 MB (>99%) committed 
      Class space:        1.00 GB reserved,       4.88 MB ( <1%) committed 
             Both:        1.03 GB reserved,      38.55 MB (  4%) committed 

Chunk freelists:
   Non-Class:  2.00 KB
       Class:  640 bytes
        Both:  2.62 KB

CodeHeap 'non-profiled nmethods': size=120000Kb used=1700Kb max_used=1700Kb free=118299Kb
 bounds [0x0000023521a50000, 0x0000023521cc0000, 0x0000023528f80000]
CodeHeap 'profiled nmethods': size=120000Kb used=7629Kb max_used=7629Kb free=112370Kb
 bounds [0x000002351a520000, 0x000002351aca0000, 0x0000023521a50000]
CodeHeap 'non-nmethods': size=5760Kb used=1186Kb max_used=1221Kb free=4573Kb
 bounds [0x0000023519f80000, 0x000002351a1f0000, 0x000002351a520000]
 total_blobs=3976 nmethods=3433 adapters=454
 compilation: enabled
              stopped_count=0, restarted_count=0
 full_count=0

Compilation events (10 events):
Event: 13.461 Thread 0x0000023531929000 3436       3       java.util.Calendar::internalSet (8 bytes)
Event: 13.461 Thread 0x0000023531929000 nmethod 3436 0x000002351ac92c90 code [0x000002351ac92e20, 0x000002351ac92f58]
Event: 13.462 Thread 0x0000023531929000 3437       3       java.util.concurrent.ConcurrentHashMap::<init> (5 bytes)
Event: 13.463 Thread 0x0000023531929000 nmethod 3437 0x000002351ac93010 code [0x000002351ac931c0, 0x000002351ac93378]
Event: 13.488 Thread 0x0000023532aaa800 nmethod 3423% 0x0000023521bf2c10 code [0x0000023521bf2ec0, 0x0000023521bf4118]
Event: 13.488 Thread 0x0000023532aaa800 3435       4       com.google.gson.stream.JsonReader::nextNonWhitespace (354 bytes)
Event: 13.492 Thread 0x0000023532aaa800 nmethod 3435 0x0000023521bf5290 code [0x0000023521bf5420, 0x0000023521bf5628]
Event: 13.492 Thread 0x0000023532aaa800 3424       4       java.lang.String::compareTo (9 bytes)
Event: 13.494 Thread 0x0000023532aaa800 nmethod 3424 0x0000023521bf5890 code [0x0000023521bf5a20, 0x0000023521bf5c58]
Event: 13.570 Thread 0x00000235332d1000 nmethod 3404 0x0000023521bf5d90 code [0x0000023521bf6060, 0x0000023521bf8620]

GC Heap History (10 events):
Event: 1.451 GC heap before
{Heap before GC invocations=0 (full 0):
 garbage-first heap   total 129024K, used 25600K [0x0000000082400000, 0x0000000100000000)
  region size 1024K, 24 young (24576K), 0 survivors (0K)
 Metaspace       used 13315K, capacity 13649K, committed 13824K, reserved 1060864K
  class space    used 1337K, capacity 1482K, committed 1536K, reserved 1048576K
}
Event: 1.459 GC heap after
{Heap after GC invocations=1 (full 0):
 garbage-first heap   total 129024K, used 7507K [0x0000000082400000, 0x0000000100000000)
  region size 1024K, 3 young (3072K), 3 survivors (3072K)
 Metaspace       used 13315K, capacity 13649K, committed 13824K, reserved 1060864K
  class space    used 1337K, capacity 1482K, committed 1536K, reserved 1048576K
}
Event: 2.051 GC heap before
{Heap before GC invocations=1 (full 0):
 garbage-first heap   total 129024K, used 24915K [0x0000000082400000, 0x0000000100000000)
  region size 1024K, 20 young (20480K), 3 survivors (3072K)
 Metaspace       used 16353K, capacity 16725K, committed 16896K, reserved 1064960K
  class space    used 1639K, capacity 1787K, committed 1792K, reserved 1048576K
}
Event: 2.056 GC heap after
{Heap after GC invocations=2 (full 0):
 garbage-first heap   total 129024K, used 8241K [0x0000000082400000, 0x0000000100000000)
  region size 1024K, 1 young (1024K), 1 survivors (1024K)
 Metaspace       used 16353K, capacity 16725K, committed 16896K, reserved 1064960K
  class space    used 1639K, capacity 1787K, committed 1792K, reserved 1048576K
}
Event: 2.841 GC heap before
{Heap before GC invocations=2 (full 0):
 garbage-first heap   total 129024K, used 31793K [0x0000000082400000, 0x0000000100000000)
  region size 1024K, 25 young (25600K), 1 survivors (1024K)
 Metaspace       used 20704K, capacity 21157K, committed 21296K, reserved 1069056K
  class space    used 2151K, capacity 2349K, committed 2432K, reserved 1048576K
}
Event: 2.846 GC heap after
{Heap after GC invocations=3 (full 0):
 garbage-first heap   total 129024K, used 9503K [0x0000000082400000, 0x0000000100000000)
  region size 1024K, 2 young (2048K), 2 survivors (2048K)
 Metaspace       used 20704K, capacity 21157K, committed 21296K, reserved 1069056K
  class space    used 2151K, capacity 2349K, committed 2432K, reserved 1048576K
}
Event: 4.298 GC heap before
{Heap before GC invocations=4 (full 0):
 garbage-first heap   total 129024K, used 61727K [0x0000000082400000, 0x0000000100000000)
  region size 1024K, 53 young (54272K), 2 survivors (2048K)
 Metaspace       used 27237K, capacity 27890K, committed 28080K, reserved 1075200K
  class space    used 2944K, capacity 3215K, committed 3328K, reserved 1048576K
}
Event: 4.312 GC heap after
{Heap after GC invocations=5 (full 0):
 garbage-first heap   total 129024K, used 16652K [0x0000000082400000, 0x0000000100000000)
  region size 1024K, 7 young (7168K), 7 survivors (7168K)
 Metaspace       used 27237K, capacity 27890K, committed 28080K, reserved 1075200K
  class space    used 2944K, capacity 3215K, committed 3328K, reserved 1048576K
}
Event: 11.208 GC heap before
{Heap before GC invocations=5 (full 0):
 garbage-first heap   total 129024K, used 80140K [0x0000000082400000, 0x0000000100000000)
  region size 1024K, 58 young (59392K), 7 survivors (7168K)
 Metaspace       used 34805K, capacity 35759K, committed 35888K, reserved 1081344K
  class space    used 3973K, capacity 4387K, committed 4480K, reserved 1048576K
}
Event: 11.225 GC heap after
{Heap after GC invocations=6 (full 0):
 garbage-first heap   total 129024K, used 18643K [0x0000000082400000, 0x0000000100000000)
  region size 1024K, 2 young (2048K), 2 survivors (2048K)
 Metaspace       used 34805K, capacity 35759K, committed 35888K, reserved 1081344K
  class space    used 3973K, capacity 4387K, committed 4480K, reserved 1048576K
}

Deoptimization events (10 events):
Event: 13.061 Thread 0x00000235110b1000 Uncommon trap: reason=bimorphic_or_optimized_type_check action=maybe_recompile pc=0x0000023521b5b44c method=java.util.regex.Pattern$Branch.match(Ljava/util/regex/Matcher;ILjava/lang/CharSequence;)Z @ 32 c2
Event: 13.061 Thread 0x00000235110b1000 Uncommon trap: reason=bimorphic_or_optimized_type_check action=maybe_recompile pc=0x0000023521b5b44c method=java.util.regex.Pattern$Branch.match(Ljava/util/regex/Matcher;ILjava/lang/CharSequence;)Z @ 32 c2
Event: 13.073 Thread 0x00000235110b1000 Uncommon trap: reason=class_check action=maybe_recompile pc=0x0000023521b5cedc method=java.lang.String.equals(Ljava/lang/Object;)Z @ 8 c2
Event: 13.252 Thread 0x00000235110b1000 Uncommon trap: reason=unstable_if action=reinterpret pc=0x0000023521aef020 method=java.util.regex.Matcher.reset()Ljava/util/regex/Matcher; @ 71 c2
Event: 13.252 Thread 0x00000235110b1000 Uncommon trap: reason=unstable_if action=reinterpret pc=0x0000023521bdaa38 method=java.util.regex.Matcher.search(I)Z @ 76 c2
Event: 13.291 Thread 0x00000235110b1000 Uncommon trap: reason=unstable_if action=reinterpret pc=0x0000023521b205fc method=java.util.regex.Matcher.search(I)Z @ 76 c2
Event: 13.384 Thread 0x00000235110b1000 Uncommon trap: reason=unstable_if action=reinterpret pc=0x0000023521b73e98 method=sun.nio.cs.UTF_8$Decoder.decodeArrayLoop(Ljava/nio/ByteBuffer;Ljava/nio/CharBuffer;)Ljava/nio/charset/CoderResult; @ 267 c2
Event: 13.398 Thread 0x00000235110b1000 Uncommon trap: reason=unstable_if action=reinterpret pc=0x0000023521b29c1c method=java.io.BufferedReader.readLine(Z)Ljava/lang/String; @ 160 c2
Event: 13.405 Thread 0x00000235110b1000 Uncommon trap: reason=unstable_if action=reinterpret pc=0x0000023521b278d0 method=java.io.BufferedReader.readLine(Z)Ljava/lang/String; @ 22 c2
Event: 13.442 Thread 0x00000235110b1000 Uncommon trap: reason=unstable_if action=reinterpret pc=0x0000023521b74e48 method=com.google.gson.stream.JsonReader.nextNonWhitespace(Z)I @ 61 c2

Classes redefined (0 events):
No events

Internal exceptions (10 events):
Event: 12.916 Thread 0x00000235110b1000 Exception <a 'java/net/SocketTimeoutException'{0x0000000089b135a8}: Read timed out> (0x0000000089b135a8) thrown at [./open/src/hotspot/share/prims/jni.cpp, line 632]
Event: 13.010 Thread 0x00000235110b1000 Exception <a 'java/net/SocketTimeoutException'{0x0000000089b30218}: Read timed out> (0x0000000089b30218) thrown at [./open/src/hotspot/share/prims/jni.cpp, line 632]
Event: 13.075 Thread 0x00000235110b1000 Exception <a 'java/lang/NoSuchMethodError'{0x00000000899b7b08}: java.lang.invoke.DirectMethodHandle$Holder.invokeSpecial(Ljava/lang/Object;Ljava/lang/Object;Ljava/lang/Object;Ljava/lang/Object;)I> (0x00000000899b7b08) thrown at [./open/src/hotspot/share/i
Event: 13.105 Thread 0x00000235110b1000 Exception <a 'sun/nio/fs/WindowsException'{0x00000000898a9518}> (0x00000000898a9518) thrown at [./open/src/hotspot/share/prims/jni.cpp, line 611]
Event: 13.130 Thread 0x00000235110b1000 Exception <a 'sun/nio/fs/WindowsException'{0x0000000089785db8}> (0x0000000089785db8) thrown at [./open/src/hotspot/share/prims/jni.cpp, line 611]
Event: 13.256 Thread 0x00000235110b1000 Exception <a 'java/lang/NoSuchMethodError'{0x000000008939d760}: java.lang.invoke.DirectMethodHandle$Holder.invokeSpecial(Ljava/lang/Object;Ljava/lang/Object;Ljava/lang/Object;ILjava/lang/Object;)Ljava/lang/Object;> (0x000000008939d760) thrown at [./open/s
Event: 13.257 Thread 0x00000235110b1000 Exception <a 'java/lang/NoSuchMethodError'{0x00000000893ac058}: java.lang.invoke.DirectMethodHandle$Holder.invokeStatic(Ljava/lang/Object;Ljava/lang/Object;Ljava/lang/Object;I)Ljava/lang/Object;> (0x00000000893ac058) thrown at [./open/src/hotspot/share/in
Event: 13.257 Thread 0x00000235110b1000 Exception <a 'java/lang/NoSuchMethodError'{0x00000000893afcc8}: java.lang.invoke.DirectMethodHandle$Holder.invokeSpecial(Ljava/lang/Object;Ljava/lang/Object;Ljava/lang/Object;Ljava/lang/Object;I)Ljava/lang/Object;> (0x00000000893afcc8) thrown at [./open/s
Event: 13.258 Thread 0x00000235110b1000 Exception <a 'java/lang/NoSuchMethodError'{0x00000000893b2fd0}: java.lang.invoke.Invokers$Holder.linkToTargetMethod(Ljava/lang/Object;Ljava/lang/Object;ILjava/lang/Object;)Ljava/lang/Object;> (0x00000000893b2fd0) thrown at [./open/src/hotspot/share/interp
Event: 13.498 Thread 0x00000235110b1000 Exception <a 'java/net/SocketTimeoutException'{0x0000000088a58a40}: Read timed out> (0x0000000088a58a40) thrown at [./open/src/hotspot/share/prims/jni.cpp, line 632]

Events (10 events):
Event: 13.482 Executing VM operation: Deoptimize
Event: 13.483 Executing VM operation: Deoptimize done
Event: 13.483 loading class freemarker/template/utility/StringUtil
Event: 13.483 loading class freemarker/template/utility/StringUtil done
Event: 13.488 loading class com/aventstack/extentreports/gherkin/model/Given
Event: 13.488 loading class com/aventstack/extentreports/gherkin/model/Given done
Event: 13.490 loading class io/cucumber/messages/Messages$TestStepStarted$1
Event: 13.490 loading class io/cucumber/messages/Messages$TestStepStarted$1 done
Event: 13.490 loading class io/cucumber/messages/Messages$TestStepStarted$Builder
Event: 13.490 loading class io/cucumber/messages/Messages$TestStepStarted$Builder done


Dynamic libraries:
0x00007ff78d840000 - 0x00007ff78d850000 	C:\Program Files\Java\jdk-11\bin\javaw.exe
0x00007ff8f88b0000 - 0x00007ff8f8ac7000 	C:\WINDOWS\SYSTEM32\ntdll.dll
0x00007ff8f7500000 - 0x00007ff8f75c4000 	C:\WINDOWS\System32\KERNEL32.DLL
0x00007ff8f5bd0000 - 0x00007ff8f5f77000 	C:\WINDOWS\System32\KERNELBASE.dll
0x00007ff8f6200000 - 0x00007ff8f6311000 	C:\WINDOWS\System32\ucrtbase.dll
0x00007ff8cc430000 - 0x00007ff8cc44b000 	C:\Program Files\Java\jdk-11\bin\VCRUNTIME140.dll
0x00007ff8c95e0000 - 0x00007ff8c95f9000 	C:\Program Files\Java\jdk-11\bin\jli.dll
0x00007ff8f7ad0000 - 0x00007ff8f7b82000 	C:\WINDOWS\System32\ADVAPI32.dll
0x00007ff8f7330000 - 0x00007ff8f73d7000 	C:\WINDOWS\System32\msvcrt.dll
0x00007ff8f7210000 - 0x00007ff8f72b8000 	C:\WINDOWS\System32\sechost.dll
0x00007ff8f65b0000 - 0x00007ff8f65d8000 	C:\WINDOWS\System32\bcrypt.dll
0x00007ff8f73e0000 - 0x00007ff8f74f5000 	C:\WINDOWS\System32\RPCRT4.dll
0x00007ff8f6760000 - 0x00007ff8f690e000 	C:\WINDOWS\System32\USER32.dll
0x00007ff8f6580000 - 0x00007ff8f65a6000 	C:\WINDOWS\System32\win32u.dll
0x00007ff8d6b70000 - 0x00007ff8d6e03000 	C:\WINDOWS\WinSxS\amd64_microsoft.windows.common-controls_6595b64144ccf1df_6.0.22621.3527_none_270e469b73872a76\COMCTL32.dll
0x00007ff8f65e0000 - 0x00007ff8f6609000 	C:\WINDOWS\System32\GDI32.dll
0x00007ff8f63a0000 - 0x00007ff8f64b9000 	C:\WINDOWS\System32\gdi32full.dll
0x00007ff8f5f80000 - 0x00007ff8f601a000 	C:\WINDOWS\System32\msvcp_win.dll
0x00007ff8e6980000 - 0x00007ff8e698a000 	C:\WINDOWS\SYSTEM32\VERSION.dll
0x00007ff8f6710000 - 0x00007ff8f6741000 	C:\WINDOWS\System32\IMM32.DLL
0x00007ff8d8cc0000 - 0x00007ff8d8ccc000 	C:\Program Files\Java\jdk-11\bin\vcruntime140_1.dll
0x00007ff8c7720000 - 0x00007ff8c77ae000 	C:\Program Files\Java\jdk-11\bin\msvcp140.dll
0x00007ff8c6980000 - 0x00007ff8c74ed000 	C:\Program Files\Java\jdk-11\bin\server\jvm.dll
0x00007ff8f7e40000 - 0x00007ff8f7e48000 	C:\WINDOWS\System32\PSAPI.DLL
0x00007ff8d9570000 - 0x00007ff8d9579000 	C:\WINDOWS\SYSTEM32\WSOCK32.dll
0x00007ff8f6610000 - 0x00007ff8f6681000 	C:\WINDOWS\System32\WS2_32.dll
0x00007ff8ea9a0000 - 0x00007ff8ea9d4000 	C:\WINDOWS\SYSTEM32\WINMM.dll
0x00007ff8f4bb0000 - 0x00007ff8f4bc8000 	C:\WINDOWS\SYSTEM32\kernel.appcore.dll
0x00007ff8c7710000 - 0x00007ff8c7720000 	C:\Program Files\Java\jdk-11\bin\verify.dll
0x00007ff8f3390000 - 0x00007ff8f35c2000 	C:\WINDOWS\SYSTEM32\DBGHELP.DLL
0x00007ff8f8060000 - 0x00007ff8f83e8000 	C:\WINDOWS\System32\combase.dll
0x00007ff8f75d0000 - 0x00007ff8f76a7000 	C:\WINDOWS\System32\OLEAUT32.dll
0x00007ff8d41b0000 - 0x00007ff8d41e2000 	C:\WINDOWS\SYSTEM32\dbgcore.DLL
0x00007ff8f6320000 - 0x00007ff8f6399000 	C:\WINDOWS\System32\bcryptPrimitives.dll
0x00007ff8c7560000 - 0x00007ff8c7588000 	C:\Program Files\Java\jdk-11\bin\java.dll
0x00007ff8c7700000 - 0x00007ff8c770a000 	C:\Program Files\Java\jdk-11\bin\jimage.dll
0x00007ff8c7880000 - 0x00007ff8c7897000 	C:\Program Files\Java\jdk-11\bin\zip.dll
0x00007ff8f6990000 - 0x00007ff8f71ec000 	C:\WINDOWS\System32\SHELL32.dll
0x00007ff8f3ac0000 - 0x00007ff8f43b6000 	C:\WINDOWS\SYSTEM32\windows.storage.dll
0x00007ff8f3980000 - 0x00007ff8f3abe000 	C:\WINDOWS\SYSTEM32\wintypes.dll
0x00007ff8f7b90000 - 0x00007ff8f7c85000 	C:\WINDOWS\System32\SHCORE.dll
0x00007ff8f7e50000 - 0x00007ff8f7eae000 	C:\WINDOWS\System32\shlwapi.dll
0x00007ff8f5b00000 - 0x00007ff8f5b21000 	C:\WINDOWS\SYSTEM32\profapi.dll
0x00007ff8cb600000 - 0x00007ff8cb619000 	C:\Program Files\Java\jdk-11\bin\net.dll
0x00007ff8eeb90000 - 0x00007ff8eecc6000 	C:\WINDOWS\SYSTEM32\WINHTTP.dll
0x00007ff8f5010000 - 0x00007ff8f5079000 	C:\WINDOWS\system32\mswsock.dll
0x00007ff8cb5e0000 - 0x00007ff8cb5f2000 	C:\Program Files\Java\jdk-11\bin\nio.dll
0x00007ff8f52b0000 - 0x00007ff8f52cb000 	C:\WINDOWS\SYSTEM32\CRYPTSP.dll
0x00007ff8f4b10000 - 0x00007ff8f4b45000 	C:\WINDOWS\system32\rsaenh.dll
0x00007ff8f50b0000 - 0x00007ff8f50d8000 	C:\WINDOWS\SYSTEM32\USERENV.dll
0x00007ff8f5210000 - 0x00007ff8f521c000 	C:\WINDOWS\SYSTEM32\CRYPTBASE.dll
0x00007ff8f4620000 - 0x00007ff8f464d000 	C:\WINDOWS\SYSTEM32\IPHLPAPI.DLL
0x00007ff8f6750000 - 0x00007ff8f6759000 	C:\WINDOWS\System32\NSI.dll
0x00007ff8ef080000 - 0x00007ff8ef099000 	C:\WINDOWS\SYSTEM32\dhcpcsvc6.DLL
0x00007ff8ee980000 - 0x00007ff8ee99f000 	C:\WINDOWS\SYSTEM32\dhcpcsvc.DLL
0x00007ff8f4690000 - 0x00007ff8f4788000 	C:\WINDOWS\SYSTEM32\DNSAPI.dll
0x00007ff8ba390000 - 0x00007ff8ba39e000 	C:\Program Files\Java\jdk-11\bin\sunmscapi.dll
0x00007ff8f6020000 - 0x00007ff8f6188000 	C:\WINDOWS\System32\CRYPT32.dll
0x00007ff8f5480000 - 0x00007ff8f54ae000 	C:\WINDOWS\SYSTEM32\ncrypt.dll
0x00007ff8f5440000 - 0x00007ff8f5477000 	C:\WINDOWS\SYSTEM32\NTASN1.dll
0x00007ff8b1bf0000 - 0x00007ff8b1c17000 	C:\Program Files\Java\jdk-11\bin\sunec.dll
0x0000000050ec0000 - 0x0000000050ee6000 	C:\Program Files\Bonjour\mdnsNSP.dll
0x00007ff8eea80000 - 0x00007ff8eea8a000 	C:\Windows\System32\rasadhlp.dll
0x00007ff8edc90000 - 0x00007ff8edd13000 	C:\WINDOWS\System32\fwpuclnt.dll

dbghelp: loaded successfully - version: 4.0.5 - missing functions: none
symbol engine: initialized successfully - sym options: 0x614 - pdb path: .;C:\Program Files\Java\jdk-11\bin;C:\WINDOWS\SYSTEM32;C:\WINDOWS\WinSxS\amd64_microsoft.windows.common-controls_6595b64144ccf1df_6.0.22621.3527_none_270e469b73872a76;C:\Program Files\Java\jdk-11\bin\server;C:\Program Files\Bonjour

VM Arguments:
jvm_args: -ea -Dfile.encoding=UTF-8 -Dstdout.encoding=UTF-8 -Dstderr.encoding=UTF-8 
java_command: org.eclipse.jdt.internal.junit.runner.RemoteTestRunner -version 3 -port 49791 -testLoaderClass org.eclipse.jdt.internal.junit5.runner.JUnit5TestLoader -loaderpluginname org.eclipse.jdt.junit5.runtime -classNames com.adactin.runner.Runner
java_class_path (initial): C:\Users\Tony\eclipse-workspace1\Cucumber\target\test-classes;C:\Users\Tony\eclipse-workspace1\Cucumber\target\classes;C:\Users\Tony\.p2\pool\plugins\junit-jupiter-api_5.10.2.jar;C:\Users\Tony\.p2\pool\plugins\junit-jupiter-engine_5.10.2.jar;C:\Users\Tony\.p2\pool\plugins\junit-jupiter-migrationsupport_5.10.2.jar;C:\Users\Tony\.p2\pool\plugins\junit-jupiter-params_5.10.2.jar;C:\Users\Tony\.p2\pool\plugins\junit-platform-commons_1.10.2.jar;C:\Users\Tony\.p2\pool\plugins\junit-platform-engine_1.10.2.jar;C:\Users\Tony\.p2\pool\plugins\junit-platform-launcher_1.10.2.jar;C:\Users\Tony\.p2\pool\plugins\junit-platform-runner_1.10.2.jar;C:\Users\Tony\.p2\pool\plugins\junit-platform-suite-api_1.10.2.jar;C:\Users\Tony\.p2\pool\plugins\junit-platform-suite-engine_1.10.2.jar;C:\Users\Tony\.p2\pool\plugins\junit-platform-suite-commons_1.10.2.jar;C:\Users\Tony\.p2\pool\plugins\junit-vintage-engine_5.10.2.jar;C:\Users\Tony\.p2\pool\plugins\org.opentest4j_1.3.0.jar;C:\Users\Tony\.p2\pool\plugins\org.apiguardian.api_1.1.2.jar;C:\Users\Tony\.p2\pool\plugins\org.junit_4.13.2.v20230809-1000.jar;C:\Users\Tony\.p2\pool\plugins\org.hamcrest_2.2.0.jar;C:\Users\Tony\.p2\pool\plugins\org.hamcrest.core_2.2.0.v20230809-1000.jar;C:\Users\Tony\.m2\repository\org\junit\jupiter\junit-jupiter-engine\5.7.1\junit-jupiter-engine-5.7.1.jar;C:\Users\Tony\.m2\repository\org\apiguardian\apiguardian-api\1.1.0\apiguardian-api-1.1.0.jar;C:\Users\Tony\.m2\repository\org\junit\platform\junit-platform-engine\1.7.1\junit-platform-engine-1.7.1.jar;C:\Users\Tony\.m2\repository\org\opentest4j\opentest4j\1.2.0\opentest4j-1.2.0.jar;C:\Users\Tony\.m2\repository\org\junit\platform\junit-platform-commons\1.7.1\junit-platform-commons-1.7.1.jar;C:\Users\Tony\.m2\repository\org\junit\jupiter\junit-jupiter-api\5.7.1\junit-jupiter-api-5.7.1.jar;C:\Users\Tony\.m2\repository\org\junit\jupiter\junit-jupiter-params\5.7.1\junit-jupiter-params-5.7.1.jar;C:\Users\Tony\.m2\repository\org\seleniumhq\selen
Launcher Type: SUN_STANDARD

[Global flags]
     intx CICompilerCount                          = 4                                         {product} {ergonomic}
     uint ConcGCThreads                            = 2                                         {product} {ergonomic}
     uint G1ConcRefinementThreads                  = 8                                         {product} {ergonomic}
   size_t G1HeapRegionSize                         = 1048576                                   {product} {ergonomic}
    uintx GCDrainStackTargetSize                   = 64                                        {product} {ergonomic}
   size_t InitialHeapSize                          = 132120576                                 {product} {ergonomic}
   size_t MarkStackSize                            = 4194304                                   {product} {ergonomic}
   size_t MaxHeapSize                              = 2109734912                                {product} {ergonomic}
   size_t MaxNewSize                               = 1265631232                                {product} {ergonomic}
   size_t MinHeapDeltaBytes                        = 1048576                                   {product} {ergonomic}
    uintx NonNMethodCodeHeapSize                   = 5836300                                {pd product} {ergonomic}
    uintx NonProfiledCodeHeapSize                  = 122910970                              {pd product} {ergonomic}
    uintx ProfiledCodeHeapSize                     = 122910970                              {pd product} {ergonomic}
    uintx ReservedCodeCacheSize                    = 251658240                              {pd product} {ergonomic}
     bool SegmentedCodeCache                       = true                                      {product} {ergonomic}
     bool UseCompressedClassPointers               = true                                 {lp64_product} {ergonomic}
     bool UseCompressedOops                        = true                                 {lp64_product} {ergonomic}
     bool UseG1GC                                  = true                                      {product} {ergonomic}
     bool UseLargePagesIndividualAllocation        = false                                  {pd product} {ergonomic}

Logging:
Log output configuration:
 #0: stdout all=warning uptime,level,tags
 #1: stderr all=off uptime,level,tags

Environment Variables:
PATH=C:/Users/Tony/.p2/pool/plugins/org.eclipse.justj.openjdk.hotspot.jre.full.win32.x86_64_17.0.10.v20240120-1143/jre/bin/server;C:/Users/Tony/.p2/pool/plugins/org.eclipse.justj.openjdk.hotspot.jre.full.win32.x86_64_17.0.10.v20240120-1143/jre/bin;C:\Python312\Scripts\;C:\Python312\;C:\Program Files\Common Files\Oracle\Java\javapath;C:\WINDOWS\system32;C:\WINDOWS;C:\WINDOWS\System32\Wbem;C:\WINDOWS\System32\WindowsPowerShell\v1.0\;C:\WINDOWS\System32\OpenSSH\;C:\Program Files\Intel\WiFi\bin\;C:\Program Files\Common Files\Intel\WirelessCommon\;C:\Program Files\dotnet\;C:\Program Files\nodejs\;C:\ProgramData\chocolatey\bin;C:\Program Files\Git\cmd;C:\Users\Tony\AppData\Roaming\.dotnet;C:\Users\Tony\AppData\Local\Microsoft\WindowsApps;C:\Users\Tony\AppData\Local\Programs\Microsoft VS Code\bin;C:\Users\Tony\.dotnet\tools;C:\Users\Tony\AppData\Roaming\npm;C:\Program Files\Java\jdk-11;C:\Users\Tony\Downloads\apache-maven-3.9.7-bin\apache-maven-3.9.7\bin;;C:\WINDOWS\system32;
USERNAME=Tony
OS=Windows_NT
PROCESSOR_IDENTIFIER=Intel64 Family 6 Model 142 Stepping 12, GenuineIntel



---------------  S Y S T E M  ---------------

OS: Windows 11 , 64 bit Build 22621 (10.0.22621.3527)
Hyper-V role detected

CPU:total 8 (initial active 8) (4 cores per cpu, 2 threads per core) family 6 model 142 stepping 12 microcode 0xde, cmov, cx8, fxsr, mmx, sse, sse2, sse3, ssse3, sse4.1, sse4.2, popcnt, avx, avx2, aes, clmul, erms, 3dnowpref, lzcnt, ht, tsc, tscinvbit, bmi1, bmi2, adx, fma

Memory: 4k page, system-wide physical 8043M (663M free)
TotalPageFile size 10091M (AvailPageFile size 11M)
current process WorkingSet (physical memory assigned to process): 206M, peak: 213M
current process commit charge ("private bytes"): 290M, peak: 295M

vm_info: Java HotSpot(TM) 64-Bit Server VM (11.0.21+9-LTS-193) for windows-amd64 JRE (11.0.21+9-LTS-193), built on Sep 13 2023 11:04:38 by "mach5one" with MS VC++ 17.1 (VS2022)

END.
